<?xml version="1.0" encoding="UTF-8"?>
<!-- Generated by org.testng.reporters.JUnitReportReporter -->
<testsuite hostname="asset010" failures="0" tests="3" name="com.freecrm.qa.testcases.HomePageTest" time="54.219" errors="0" timestamp="2021-09-13T00:15:58 NPT" skipped="0">
  <testcase classname="com.freecrm.qa.testcases.HomePageTest" name="verifyHomePageTitleTest" time="21.991"/>
  <system-out/>
  <testcase classname="com.freecrm.qa.testcases.HomePageTest" name="verifyActualUserNameTest" time="15.662"/>
  <system-out/>
  <testcase classname="com.freecrm.qa.testcases.HomePageTest" name="verifyContactsLinkTest" time="16.566"/>
  <system-out/>
</testsuite> <!-- com.freecrm.qa.testcases.HomePageTest -->
