<?xml version="1.0" encoding="UTF-8"?>
<!-- Generated by org.testng.reporters.JUnitReportReporter -->
<testsuite hostname="asset010" failures="0" tests="3" name="com.freecrm.qa.testcases.LoginPageTest" time="50.819" errors="0" timestamp="2021-09-13T00:15:58 NPT" skipped="0">
  <testcase classname="com.freecrm.qa.testcases.LoginPageTest" name="loginPageTitleTest" time="10.412"/>
  <system-out/>
  <testcase classname="com.freecrm.qa.testcases.LoginPageTest" name="LoginTest" time="28.830"/>
  <system-out/>
  <testcase classname="com.freecrm.qa.testcases.LoginPageTest" name="crmLogoImageTest" time="11.577"/>
  <system-out/>
</testsuite> <!-- com.freecrm.qa.testcases.LoginPageTest -->
